INFO  2019-07-20 22:02:43,341 [main] org.mule.module.launcher.MuleContainer: 
**********************************************************************
* Mule Runtime and Integration Platform                              *
* Version: 3.9.2 Build: 495bc74d                                     *
* MuleSoft, Inc.                                                     *
* For more information go to                                         *
* http://www.mulesoft.com/mule-esb-enterprise                        *
*                                                                    *
* Server started: 20/07/19 10:02 PM                                  *
* JDK: 1.8.0_202 (JRE 1.8.0 Windows 10 amd64-64-Bit Compressed       *
* References 20190205_265 (JIT enabled, AOT enabled)
OpenJ9   -      *
* 90dd8cb40
OMR      - d2f4534b
JCL      - d002501a90 based on       *
* jdk8u202-b08)                                                      *
* OS: Windows 10 (10.0, amd64)                                       *
* Host: BLRKEC129252L (192.168.20.8)                                 *
* Mule system properties:                                            *
* - mule.plugins.dir =                                               *
* D:\AnypointStudio_6.6.1\plugins\org.mule.tooling.server.3.9.2.ee_6 *
* .5.0.201811221913\mule\plugins                                     *
*  - mule.home = D:\Mule_WS\6_TR\.mule                               *
*  - mule.forceConsoleLog =                                          *
*  - mule.verbose.exceptions = true                                  *
*  - mule.agent.enabled = false                                      *
**********************************************************************
INFO  2019-07-20 22:02:44,177 [main] org.mule.module.launcher.coreextension.DefaultMuleCoreExtensionManager: Initializing core extensions
INFO  2019-07-20 22:02:44,233 [main] com.mulesoft.mule.cluster.hazelcast.config.ClusterTicketFileLoader: D:\Mule_WS\6_TR\.mule\.mule\mule-cluster.properties (The system cannot find the file specified)
WARN  2019-07-20 22:02:44,257 [main] com.mulesoft.mule.cluster.boot.ClusterCoreExtension: No cluster ID was specified -- High Availability will be disabled:
INFO  2019-07-20 22:02:44,265 [main] com.mulesoft.module.policies.PoliciesCoreExtension: Starting API policies Extension in STANDALONE mode
INFO  2019-07-20 22:02:44,297 [main] com.mulesoft.mmc.agent.AgentCoreExtension: Mule Agent Core Extension is DISABLED
WARN  2019-07-20 22:02:44,553 [main] com.mulesoft.analytics.AnalyticsCache: There was an error attempting to open analytics event queue. Resetting queue to its factory settings. Reason: java.io.IOException: Wrong index checksum, store was not closed properly and could be corrupted.
WARN  2019-07-20 22:02:45,049 [main] com.mulesoft.analytics.AnalyticsCache: There was an error attempting to open analytics event queue. Resetting queue to its factory settings. Reason: java.io.IOException: Wrong index checksum, store was not closed properly and could be corrupted.
INFO  2019-07-20 22:02:45,576 [main] com.mulesoft.mule.plugin.manager.MulePluginManager: Registering plugin: data-mapper-plugin
INFO  2019-07-20 22:02:45,624 [main] com.mulesoft.mule.plugin.manager.MulePluginManager: Registering plugin: mule-plugin-debugger-3.9.2
INFO  2019-07-20 22:02:45,776 [main] com.mulesoft.mule.plugin.manager.MulePluginManager: Registering plugin: mule-plugin-weave-3.9.2-dist
INFO  2019-07-20 22:02:45,876 [main] org.mule.module.launcher.coreextension.DefaultMuleCoreExtensionManager: Starting core extensions
INFO  2019-07-20 22:02:49,020 [main] com.mulesoft.mule.plugin.manager.MulePluginManager: Starting plugin: mule-plugin-weave-3.9.2-dist
INFO  2019-07-20 22:02:49,020 [main] com.mulesoft.mule.plugin.manager.MulePluginManager: Starting plugin: data-mapper-plugin
INFO  2019-07-20 22:02:49,048 [main] org.mule.module.launcher.DefaultArchiveDeployer: ================== New Exploded Artifact: default
INFO  2019-07-20 22:02:49,096 [main] org.mule.module.launcher.MuleSharedDomainClassLoader: Using domain dir D:\Mule_WS\6_TR\.mule\domains\default for domain default
INFO  2019-07-20 22:02:49,707 [main] org.mule.module.launcher.domain.DefaultMuleDomain: 
++++++++++++++++++++++++++++++++++++++++++++++++++++++++++++
+ New domain 'default'                                     +
++++++++++++++++++++++++++++++++++++++++++++++++++++++++++++
INFO  2019-07-20 22:02:49,711 [main] org.mule.module.launcher.domain.DefaultMuleDomain: 
++++++++++++++++++++++++++++++++++++++++++++++++++++++++++++
+ Initializing domain 'default'                            +
++++++++++++++++++++++++++++++++++++++++++++++++++++++++++++
INFO  2019-07-20 22:02:49,715 [main] org.mule.module.launcher.MuleDeploymentService: 
**********************************************************************
* Started domain 'default'                                           *
**********************************************************************
INFO  2019-07-20 22:02:49,731 [main] org.mule.module.launcher.ArtifactArchiveInstaller: Exploding a Mule artifact archive: file:/D:/Mule_WS/6_TR/.mule/apps/cust-accounts-api.zip
INFO  2019-07-20 22:02:50,375 [main] org.mule.module.launcher.application.DefaultMuleApplication: 
++++++++++++++++++++++++++++++++++++++++++++++++++++++++++++
+ New app 'cust-accounts-api'                              +
++++++++++++++++++++++++++++++++++++++++++++++++++++++++++++
INFO  2019-07-20 22:02:50,391 [main] org.mule.module.launcher.MuleApplicationClassLoader: [cust-accounts-api] Loading the following jars:
=============================
file:/D:/Mule_WS/6_TR/.mule/apps/cust-accounts-api/lib/mysql-connector-java-5.1.18.jar
=============================

INFO  2019-07-20 22:02:52,103 [main] org.mule.module.launcher.application.DefaultMuleApplication: 
++++++++++++++++++++++++++++++++++++++++++++++++++++++++++++
+ Initializing app 'cust-accounts-api'                     +
++++++++++++++++++++++++++++++++++++++++++++++++++++++++++++
WARN  2019-07-20 22:02:54,942 [main] com.mulesoft.module.client.APIPlatformClientCoreExtension: Client ID or Client Secret were not provided. API Manager client is DISABLED for app cust-accounts-api
INFO  2019-07-20 22:02:55,182 [main] org.mule.util.JdkVersionUtils: You're executing with a JDK made by a vendor that is not on the recommended list of vendors. Vendor: Eclipse OpenJ9 Please consider changing to a recommended JDK vendor.
INFO  2019-07-20 22:02:55,702 [main] org.mule.lifecycle.AbstractLifecycleManager: Initialising RegistryBroker
INFO  2019-07-20 22:02:56,262 [main] org.mule.module.extension.internal.manager.DefaultExtensionManager: Starting discovery of extensions
INFO  2019-07-20 22:02:56,954 [main] org.mule.module.extension.internal.manager.DefaultExtensionManager: Discovered 1 extensions
INFO  2019-07-20 22:02:56,954 [main] org.mule.module.extension.internal.manager.DefaultExtensionManager: Registering extension validation (version 3.9)
INFO  2019-07-20 22:02:57,353 [main] org.mule.config.spring.MuleArtifactContext: Refreshing org.mule.config.spring.MuleArtifactContext@7b6b4f4f: startup date [Sat Jul 20 22:02:57 AEST 2019]; root of context hierarchy
INFO  2019-07-20 22:03:13,321 [main] org.mule.config.spring.processors.NoDevkitInjectorProcessor: JSR-330 'javax.inject.Inject' annotation found and supported for autowiring
WARN  2019-07-20 22:03:24,219 [main] org.mule.module.ognl.expression.OgnlExpressionEvaluator: OGNL module is deprecated and will be removed in Mule 4.0. Use MEL expressions instead.
INFO  2019-07-20 22:03:26,802 [main] org.mule.util.journal.TransactionJournal: Using files for tx logs D:\Mule_WS\6_TR\.mule\.\.mule\cust-accounts-api\queue-tx-log\tx1.log and D:\Mule_WS\6_TR\.mule\.\.mule\cust-accounts-api\queue-tx-log\tx2.log
INFO  2019-07-20 22:03:26,886 [main] org.mule.util.journal.TransactionJournal: Using files for tx logs D:\Mule_WS\6_TR\.mule\.\.mule\cust-accounts-api\queue-xa-tx-log\tx1.log and D:\Mule_WS\6_TR\.mule\.\.mule\cust-accounts-api\queue-xa-tx-log\tx2.log
INFO  2019-07-20 22:03:27,482 [main] org.mule.lifecycle.AbstractLifecycleManager: Initialising model: _muleSystemModel
INFO  2019-07-20 22:03:27,494 [main] org.mule.construct.FlowConstructLifecycleManager: Initialising flow: cust-accounts-api-main
INFO  2019-07-20 22:03:27,494 [main] org.mule.module.apikit.MappingExceptionListener: Initialising exception listener: MappingExceptionListener{statusCode=404, exceptions=[org.mule.module.apikit.exception.NotFoundException]}
INFO  2019-07-20 22:03:27,502 [main] org.mule.module.apikit.MappingExceptionListener: Initialising exception listener: MappingExceptionListener{statusCode=405, exceptions=[org.mule.module.apikit.exception.MethodNotAllowedException]}
INFO  2019-07-20 22:03:27,502 [main] org.mule.module.apikit.MappingExceptionListener: Initialising exception listener: MappingExceptionListener{statusCode=415, exceptions=[org.mule.module.apikit.exception.UnsupportedMediaTypeException]}
INFO  2019-07-20 22:03:27,502 [main] org.mule.module.apikit.MappingExceptionListener: Initialising exception listener: MappingExceptionListener{statusCode=406, exceptions=[org.mule.module.apikit.exception.NotAcceptableException]}
INFO  2019-07-20 22:03:27,502 [main] org.mule.module.apikit.MappingExceptionListener: Initialising exception listener: MappingExceptionListener{statusCode=400, exceptions=[org.mule.module.apikit.exception.BadRequestException]}
INFO  2019-07-20 22:03:27,782 [main] org.mule.processor.SedaStageLifecycleManager: Initialising service: cust-accounts-api-main.stage1
INFO  2019-07-20 22:03:27,862 [main] org.mule.construct.FlowConstructLifecycleManager: Initialising flow: cust-accounts-api-console
INFO  2019-07-20 22:03:27,862 [main] org.mule.exception.DefaultMessagingExceptionStrategy: Initialising exception listener: org.mule.exception.DefaultMessagingExceptionStrategy@995151a8
INFO  2019-07-20 22:03:27,930 [main] org.mule.processor.SedaStageLifecycleManager: Initialising service: cust-accounts-api-console.stage1
INFO  2019-07-20 22:03:27,966 [main] org.mule.construct.FlowConstructLifecycleManager: Initialising flow: delete:/accounts/{ID}:application/json:cust-accounts-api-config
INFO  2019-07-20 22:03:27,966 [main] org.mule.exception.DefaultMessagingExceptionStrategy: Initialising exception listener: org.mule.exception.DefaultMessagingExceptionStrategy@22befe5a
INFO  2019-07-20 22:03:27,998 [main] org.mule.processor.SedaStageLifecycleManager: Initialising service: delete:/accounts/{ID}:application/json:cust-accounts-api-config.stage1
INFO  2019-07-20 22:03:28,046 [main] org.mule.construct.FlowConstructLifecycleManager: Initialising flow: patch:/accounts/{ID}:application/json:cust-accounts-api-config
INFO  2019-07-20 22:03:28,046 [main] org.mule.exception.DefaultMessagingExceptionStrategy: Initialising exception listener: org.mule.exception.DefaultMessagingExceptionStrategy@bacdab80
INFO  2019-07-20 22:03:28,154 [main] org.mule.processor.SedaStageLifecycleManager: Initialising service: patch:/accounts/{ID}:application/json:cust-accounts-api-config.stage1
INFO  2019-07-20 22:03:28,158 [main] org.mule.construct.FlowConstructLifecycleManager: Initialising flow: get:/accounts:cust-accounts-api-config
INFO  2019-07-20 22:03:28,158 [main] org.mule.exception.DefaultMessagingExceptionStrategy: Initialising exception listener: org.mule.exception.DefaultMessagingExceptionStrategy@9c0a2a0e
INFO  2019-07-20 22:03:28,274 [main] org.mule.processor.SedaStageLifecycleManager: Initialising service: get:/accounts:cust-accounts-api-config.stage1
INFO  2019-07-20 22:03:28,278 [main] org.mule.construct.FlowConstructLifecycleManager: Initialising flow: get:/accounts/{ID}:cust-accounts-api-config
INFO  2019-07-20 22:03:28,278 [main] org.mule.exception.DefaultMessagingExceptionStrategy: Initialising exception listener: org.mule.exception.DefaultMessagingExceptionStrategy@7c9cafbd
INFO  2019-07-20 22:03:28,342 [main] org.mule.processor.SedaStageLifecycleManager: Initialising service: get:/accounts/{ID}:cust-accounts-api-config.stage1
INFO  2019-07-20 22:03:28,342 [main] org.mule.construct.FlowConstructLifecycleManager: Initialising flow: post:/accounts:application/json:cust-accounts-api-config
INFO  2019-07-20 22:03:28,346 [main] org.mule.exception.DefaultMessagingExceptionStrategy: Initialising exception listener: org.mule.exception.DefaultMessagingExceptionStrategy@67f093e
INFO  2019-07-20 22:03:28,414 [main] org.mule.processor.SedaStageLifecycleManager: Initialising service: post:/accounts:application/json:cust-accounts-api-config.stage1
INFO  2019-07-20 22:03:28,418 [main] org.mule.construct.FlowConstructLifecycleManager: Initialising flow: post:/accounts/{ID}:application/json:cust-accounts-api-config
INFO  2019-07-20 22:03:28,418 [main] org.mule.exception.DefaultMessagingExceptionStrategy: Initialising exception listener: org.mule.exception.DefaultMessagingExceptionStrategy@4500b0a5
INFO  2019-07-20 22:03:28,474 [main] org.mule.processor.SedaStageLifecycleManager: Initialising service: post:/accounts/{ID}:application/json:cust-accounts-api-config.stage1
INFO  2019-07-20 22:03:28,474 [main] org.mule.construct.FlowConstructLifecycleManager: Initialising flow: getCustAccounts
INFO  2019-07-20 22:03:28,474 [main] org.mule.exception.DefaultMessagingExceptionStrategy: Initialising exception listener: org.mule.exception.DefaultMessagingExceptionStrategy@7bab9b4c
INFO  2019-07-20 22:03:28,582 [main] org.mule.processor.SedaStageLifecycleManager: Initialising service: getCustAccounts.stage1
INFO  2019-07-20 22:03:30,113 [main] org.mule.construct.FlowConstructLifecycleManager: Initialising flow: paginationFlow
INFO  2019-07-20 22:03:30,113 [main] org.mule.exception.DefaultMessagingExceptionStrategy: Initialising exception listener: org.mule.exception.DefaultMessagingExceptionStrategy@e489677
INFO  2019-07-20 22:03:30,189 [main] org.mule.processor.SedaStageLifecycleManager: Initialising service: paginationFlow.stage1
INFO  2019-07-20 22:03:37,179 [main] org.mule.module.apikit.Configuration: Building resource URI cache...
INFO  2019-07-20 22:03:37,482 [main] org.mule.config.spring.SpringXmlConfigurationBuilder: Configured Mule using "org.mule.config.spring.SpringXmlConfigurationBuilder" with configuration resource(s): "[ConfigResource{resourceName='D:\Mule_WS\6_TR\.mule\apps\cust-accounts-api\cust-accounts-api.xml'}, ConfigResource{resourceName='D:\Mule_WS\6_TR\.mule\apps\cust-accounts-api\implementation.xml'}, ConfigResource{resourceName='D:\Mule_WS\6_TR\.mule\apps\cust-accounts-api\pagination.xml'}]"
INFO  2019-07-20 22:03:37,482 [main] org.mule.config.builders.AutoConfigurationBuilder: Configured Mule using "org.mule.config.builders.AutoConfigurationBuilder" with configuration resource(s): "[ConfigResource{resourceName='D:\Mule_WS\6_TR\.mule\apps\cust-accounts-api\cust-accounts-api.xml'}, ConfigResource{resourceName='D:\Mule_WS\6_TR\.mule\apps\cust-accounts-api\implementation.xml'}, ConfigResource{resourceName='D:\Mule_WS\6_TR\.mule\apps\cust-accounts-api\pagination.xml'}]"
INFO  2019-07-20 22:03:37,529 [main] com.mulesoft.module.policies.lifecyle.GateKeeper: GateKeeper Mode: DISABLED
INFO  2019-07-20 22:03:37,529 [main] org.mule.module.launcher.application.DefaultMuleApplication: 
++++++++++++++++++++++++++++++++++++++++++++++++++++++++++++
+ Starting app 'cust-accounts-api'                         +
++++++++++++++++++++++++++++++++++++++++++++++++++++++++++++
INFO  2019-07-20 22:03:37,606 [main] org.mule.util.queue.QueueXaResourceManager: Starting ResourceManager
INFO  2019-07-20 22:03:37,606 [main] org.mule.util.queue.QueueXaResourceManager: Started ResourceManager
INFO  2019-07-20 22:03:37,866 [main] org.mule.module.http.internal.listener.DefaultHttpListenerConfig: Listening for requests on http://0.0.0.0:8081
INFO  2019-07-20 22:03:37,886 [main] org.mule.module.http.internal.listener.DefaultHttpListenerConfig: Listening for requests on http://0.0.0.0:9091
INFO  2019-07-20 22:03:37,910 [main] org.mule.modules.objectstore.generated.agents.DefaultSplashScreenAgent: 
++++++++++++++++++++++++++++++++++++++++++++++++++++++++++++++++++++++++++++++++
+ DevKit Extensions (1) used in this application 
ObjectStore 2.2.2 (DevKit    +
+ 3.9.5 Build mule-devkit-3.9.5.2814.1e013c2)+
                                +
++++++++++++++++++++++++++++++++++++++++++++++++++++++++++++++++++++++++++++++++
INFO  2019-07-20 22:03:37,914 [main] org.mule.lifecycle.AbstractLifecycleManager: Starting model: _muleSystemModel
INFO  2019-07-20 22:03:37,922 [main] org.mule.construct.FlowConstructLifecycleManager: Starting flow: cust-accounts-api-main
INFO  2019-07-20 22:03:37,922 [main] org.mule.processor.SedaStageLifecycleManager: Starting service: cust-accounts-api-main.stage1
INFO  2019-07-20 22:03:38,022 [main] org.mule.module.apikit.Configuration: 
********************************************************************************
* APIKit Console URL: http://127.0.0.1:8081/console                            *
********************************************************************************
INFO  2019-07-20 22:03:38,026 [main] org.mule.construct.FlowConstructLifecycleManager: Starting flow: cust-accounts-api-console
INFO  2019-07-20 22:03:38,026 [main] org.mule.processor.SedaStageLifecycleManager: Starting service: cust-accounts-api-console.stage1
INFO  2019-07-20 22:03:38,082 [main] org.mule.construct.FlowConstructLifecycleManager: Starting flow: delete:/accounts/{ID}:application/json:cust-accounts-api-config
INFO  2019-07-20 22:03:38,082 [main] org.mule.processor.SedaStageLifecycleManager: Starting service: delete:/accounts/{ID}:application/json:cust-accounts-api-config.stage1
INFO  2019-07-20 22:03:38,094 [main] org.mule.construct.FlowConstructLifecycleManager: Starting flow: patch:/accounts/{ID}:application/json:cust-accounts-api-config
INFO  2019-07-20 22:03:38,098 [main] org.mule.processor.SedaStageLifecycleManager: Starting service: patch:/accounts/{ID}:application/json:cust-accounts-api-config.stage1
INFO  2019-07-20 22:03:38,114 [main] org.mule.construct.FlowConstructLifecycleManager: Starting flow: get:/accounts:cust-accounts-api-config
INFO  2019-07-20 22:03:38,114 [main] org.mule.processor.SedaStageLifecycleManager: Starting service: get:/accounts:cust-accounts-api-config.stage1
INFO  2019-07-20 22:03:38,134 [main] org.mule.construct.FlowConstructLifecycleManager: Starting flow: get:/accounts/{ID}:cust-accounts-api-config
INFO  2019-07-20 22:03:38,134 [main] org.mule.processor.SedaStageLifecycleManager: Starting service: get:/accounts/{ID}:cust-accounts-api-config.stage1
INFO  2019-07-20 22:03:38,146 [main] org.mule.construct.FlowConstructLifecycleManager: Starting flow: post:/accounts:application/json:cust-accounts-api-config
INFO  2019-07-20 22:03:38,146 [main] org.mule.processor.SedaStageLifecycleManager: Starting service: post:/accounts:application/json:cust-accounts-api-config.stage1
INFO  2019-07-20 22:03:38,158 [main] org.mule.construct.FlowConstructLifecycleManager: Starting flow: post:/accounts/{ID}:application/json:cust-accounts-api-config
INFO  2019-07-20 22:03:38,158 [main] org.mule.processor.SedaStageLifecycleManager: Starting service: post:/accounts/{ID}:application/json:cust-accounts-api-config.stage1
INFO  2019-07-20 22:03:38,194 [main] org.mule.construct.FlowConstructLifecycleManager: Starting flow: getCustAccounts
INFO  2019-07-20 22:03:38,194 [main] org.mule.processor.SedaStageLifecycleManager: Starting service: getCustAccounts.stage1
INFO  2019-07-20 22:03:38,214 [main] org.mule.construct.FlowConstructLifecycleManager: Starting flow: paginationFlow
INFO  2019-07-20 22:03:38,214 [main] org.mule.processor.SedaStageLifecycleManager: Starting service: paginationFlow.stage1
INFO  2019-07-20 22:03:38,302 [main] org.mule.modules.objectstore.ObjectStoreConnector: Initializing object store...
INFO  2019-07-20 22:03:38,302 [main] org.mule.modules.objectstore.ObjectStoreConnector: About to validate parameters
INFO  2019-07-20 22:03:38,310 [main] org.mule.modules.objectstore.ObjectStoreConnector: Object store successfully acquired.
INFO  2019-07-20 22:03:38,502 [main] org.mule.module.management.agent.WrapperManagerAgent: This JVM hasn't been launched by the wrapper, the agent will not run.
INFO  2019-07-20 22:03:38,711 [main] org.mule.DefaultMuleContext: 
**********************************************************************
* Application: cust-accounts-api                                     *
* OS encoding: \, Mule encoding: UTF-8                               *
*                                                                    *
* Agents Running:                                                    *
*   JMX Agent                                                        *
*   Batch module default engine                                      *
*   DevKit Extension Information                                     *
*   Wrapper Manager                                                  *
**********************************************************************
INFO  2019-07-20 22:03:38,722 [main] org.mule.module.launcher.MuleDeploymentService: 
**********************************************************************
* Started app 'cust-accounts-api'                                    *
* Application plugins:                                               *
*  - mule-module-objectstore-2.2.2                                   *
* Application libraries:                                             *
*  - mysql-connector-java-5.1.18.jar                                 *
**********************************************************************
INFO  2019-07-20 22:03:38,769 [main] org.mule.module.launcher.DeploymentDirectoryWatcher: 
++++++++++++++++++++++++++++++++++++++++++++++++++++++++++++
+ Mule is up and kicking (every 5000ms)                    +
++++++++++++++++++++++++++++++++++++++++++++++++++++++++++++
INFO  2019-07-20 22:03:38,793 [main] org.mule.module.launcher.StartupSummaryDeploymentListener: 
**********************************************************************
*              - - + DOMAIN + - -               * - - + STATUS + - - *
**********************************************************************
* default                                       * DEPLOYED           *
**********************************************************************

*******************************************************************************************************
*            - - + APPLICATION + - -            *       - - + DOMAIN + - -       * - - + STATUS + - - *
*******************************************************************************************************
* cust-accounts-api                             * default                        * DEPLOYED           *
*******************************************************************************************************

INFO  2019-07-20 22:05:35,003 [[cust-accounts-api].HTTP_LC_Pagination.worker.01] com.mulesoft.weave.mule.utils.MuleWeaveFactory$: MimeType was not resolved '*/*' delegating to Java.
INFO  2019-07-20 22:05:41,466 [[cust-accounts-api].HTTP_LC_Pagination.worker.01] org.mule.api.processor.LoggerMessageProcessor: 50 0 -1 50
INFO  2019-07-20 22:05:41,470 [[cust-accounts-api].HTTP_LC_Pagination.worker.01] com.mulesoft.weave.mule.utils.MuleWeaveFactory$: MimeType was not resolved '*/*' delegating to Java.
INFO  2019-07-20 22:05:42,497 [[cust-accounts-api].HTTP_LC_Pagination.worker.01] com.mulesoft.weave.mule.utils.MuleWeaveFactory$: MimeType was not resolved '*/*' delegating to Java.
INFO  2019-07-20 22:05:44,090 [[cust-accounts-api].HTTP_LC_Pagination.worker.01] org.mule.api.processor.LoggerMessageProcessor: 0 49 50 4456~0~49 "" "/pagination/4456/?startNum=50&endNum=99"
INFO  2019-07-20 22:05:44,606 [[cust-accounts-api].HTTP_LC_Pagination.worker.01] org.mule.api.processor.LoggerMessageProcessor: {
  "link": {
    "previous": "",
    "next": "/pagination/4456/?startNum=50&endNum=99"
  },
  "limit": 50,
  "display": [
    {
      "accountType": "business",
      "country": "USA",
      "accountID": "4400",
      "street": "12345 Green",
      "miles": 119093,
      "state": "Colorado",
      "name": "Mat Siva",
      "creationDate": "2017-10-21T22:54:36",
      "city": "Boulder",
      "postal": "82433"
    },
    {
      "accountType": "personal",
      "country": "India",
      "accountID": "4401",
      "street": "89 Nibm Road",
      "miles": 36470,
      "state": "Maharashtra",
      "name": "Rajesh Patil",
      "creationDate": "2017-08-23T00:52:42",
      "city": "Pune",
      "postal": "59141"
    },
    {
      "accountType": "personal",
      "country": "New Zealand",
      "accountID": "4402",
      "street": "45 Test Street",
      "miles": 105557,
      "state": "Auckland",
      "name": "Siva Mat",
      "creationDate": "2001-05-22T13:22:07",
      "city": "Auckland",
      "postal": "24328"
    },
    {
      "accountType": "personal",
      "country": "USA",
      "accountID": "4403",
      "street": "12 Burger St",
      "miles": 52996,
      "state": "Kentucky",
      "name": "Dales Burgers",
      "creationDate": "2012-01-26T09:49:26",
      "city": "The City",
      "postal": "81017"
    },
    {
      "accountType": "personal",
      "country": "New Zealand",
      "accountID": "4404",
      "street": "181 Construction Road",
      "miles": 17469,
      "state": "NSW",
      "name": "Bob Builder",
      "creationDate": "2011-02-18T15:52:21",
      "city": "Adelaide",
      "postal": "21003"
    },
    {
      "accountType": "personal",
      "country": "USA",
      "accountID": "4410",
      "street": "12345 Green Rd",
      "miles": 48994,
      "state": "Colorado",
      "name": "Dale Burgers",
      "creationDate": "2001-01-08T06:45:15",
      "city": "Boulder",
      "postal": "67959"
    },
    {
      "accountType": "business",
      "country": "United Kingdom",
      "accountID": "4411",
      "street": "Capthorne Avenue",
      "miles": 126689,
      "state": "Harrow",
      "name": "Arjun Dale",
      "creationDate": "2006-03-04T19:53:05",
      "city": "London",
      "postal": "72532"
    },
    {
      "accountType": "business",
      "country": "USA",
      "accountID": "4412",
      "street": "83 Elden Station",
      "miles": 89220,
      "state": "VA",
      "name": "James Conway",
      "creationDate": "2014-03-23T08:29:28",
      "city": "Herndon",
      "postal": "19150"
    },
    {
      "accountType": "personal",
      "country": "USA",
      "accountID": "4413",
      "street": "9181 Herndon Parkway",
      "miles": 41571,
      "state": "VA",
      "name": "Moriah Morey",
      "creationDate": "2012-12-12T09:38:16",
      "city": "Herndon",
      "postal": "29324"
    },
    {
      "accountType": "personal",
      "country": "USA",
      "accountID": "4414",
      "street": "481 Van Buran St",
      "miles": 111939,
      "state": "VA",
      "name": "Morey Cory",
      "creationDate": "2001-09-08T11:03:30",
      "city": "Herndon",
      "postal": "68241"
    },
    {
      "accountType": "business",
      "country": "United Kingdom",
      "accountID": "4415",
      "street": "355 E Capthorne Court",
      "miles": 91326,
      "state": "Alexandra",
      "name": "Harrow Nope",
      "creationDate": "2008-06-24T11:39:49",
      "city": "Arkhab",
      "postal": "71174"
    },
    {
      "accountType": "business",
      "country": "Canada",
      "accountID": "4416",
      "street": "4130 Chromoly",
      "miles": 28123,
      "state": "BC",
      "name": "Spawn Cycles",
      "creationDate": "2013-07-15T09:56:05",
      "city": "Squamish",
      "postal": "45474"
    },
    {
      "accountType": "personal",
      "country": "Canada",
      "accountID": "4417",
      "street": "1 Yonge Street",
      "miles": 145238,
      "state": "BC",
      "name": "Post Spawn",
      "creationDate": "2004-04-22T16:33:35",
      "city": "Vancouver",
      "postal": "23115"
    },
    {
      "accountType": "personal",
      "country": "Canada",
      "accountID": "4418",
      "street": "494 Yonge Street",
      "miles": 32803,
      "state": "BC",
      "name": "Spawn Post",
      "creationDate": "2008-12-09T18:06:24",
      "city": "Vancouver",
      "postal": "23115"
    },
    {
      "accountType": "business",
      "country": "Canada",
      "accountID": "4419",
      "street": "5857 Yonge Street",
      "miles": 34324,
      "state": "BC",
      "name": "David Jame",
      "creationDate": "2006-07-11T21:00:01",
      "city": "Vancouver",
      "postal": "85613"
    },
    {
      "accountType": "business",
      "country": "India",
      "accountID": "4420",
      "street": "1819 Bangy Boon",
      "miles": 80665,
      "state": "Karn Taka",
      "name": "Yeti Bringer",
      "creationDate": "2007-08-12T20:59:31",
      "city": "Bangalore",
      "postal": "78014"
    },
    {
      "accountType": "business",
      "country": "United Kingdom",
      "accountID": "4421",
      "street": "484 High Street",
      "miles": 107261,
      "state": "Cambs",
      "name": "Nick The Shoemaker",
      "creationDate": "2010-10-16T02:55:09",
      "city": "Peterborough",
      "postal": "61590"
    },
    {
      "accountType": "personal",
      "country": "USA",
      "accountID": "4422",
      "street": "191 Bluebell Lane",
      "miles": 78042,
      "state": "Minnesota",
      "name": "My Testing",
      "creationDate": "2017-08-08T15:35:48",
      "city": "Jackson",
      "postal": "58177"
    },
    {
      "accountType": "business",
      "country": "United Kingdom",
      "accountID": "4423",
      "street": "494 Slough Street",
      "miles": 87557,
      "state": "Berkshire",
      "name": "Abhi Vi",
      "creationDate": "2006-06-22T07:55:52",
      "city": "Slough",
      "postal": "87226"
    },
    {
      "accountType": "business",
      "country": "USA",
      "accountID": "4424",
      "street": "12345 Test Rd",
      "miles": 116410,
      "state": "IL",
      "name": "Dale Burgers",
      "creationDate": "2014-11-19T20:15:23",
      "city": "Gurnee",
      "postal": "39892"
    },
    {
      "accountType": "business",
      "country": "Canada",
      "accountID": "4425",
      "street": "1011 Arnold Heights Dr",
      "miles": 28581,
      "state": "BC",
      "name": "Hellow World Bowl",
      "creationDate": "2003-03-24T09:23:22",
      "city": "Vancouver",
      "postal": "41208"
    },
    {
      "accountType": "personal",
      "country": "USA",
      "accountID": "4426",
      "street": "12 Fake Street",
      "miles": 149722,
      "state": "Colorado",
      "name": "Wendy Crafts",
      "creationDate": "2017-08-01T13:32:58",
      "city": "Boulder",
      "postal": "65048"
    },
    {
      "accountType": "personal",
      "country": "USA",
      "accountID": "4427",
      "street": "1234 Newberry St",
      "miles": 78451,
      "state": "MA",
      "name": "My Burgers",
      "creationDate": "2007-12-28T12:37:59",
      "city": "Boston",
      "postal": "20836"
    },
    {
      "accountType": "business",
      "country": "USA",
      "accountID": "4428",
      "street": "9999 Mountian Ave",
      "miles": 133513,
      "state": "New Jersey",
      "name": "Mp Burgers",
      "creationDate": "2017-06-26T21:57:21",
      "city": "Somerville",
      "postal": "43356"
    },
    {
      "accountType": "business",
      "country": "india",
      "accountID": "4429",
      "street": "982 Cherry Ave",
      "miles": 105774,
      "state": "TN",
      "name": "Wendy Crafts",
      "creationDate": "2010-01-06T00:42:34",
      "city": "Chennai",
      "postal": "25362"
    },
    {
      "accountType": "business",
      "country": "Murrica",
      "accountID": "4430",
      "street": "12354 Foo Street",
      "miles": 55240,
      "state": "Colorado",
      "name": "Robert Barath",
      "creationDate": "2006-07-20T21:39:45",
      "city": "Boulder",
      "postal": "15361"
    },
    {
      "accountType": "personal",
      "country": "Serbia",
      "accountID": "4431",
      "street": "829 Main ",
      "miles": 113826,
      "state": "Serbia",
      "name": "Anica Faj",
      "creationDate": "2015-10-08T11:17:56",
      "city": "Novii Sad",
      "postal": "75602"
    },
    {
      "accountType": "personal",
      "country": "Australia",
      "accountID": "4432",
      "street": "30 Blackburn Rd",
      "miles": 33862,
      "state": "Victoria",
      "name": "Vyshu Vish",
      "creationDate": "2001-03-02T15:27:06",
      "city": "Sydney",
      "postal": "91037"
    },
    {
      "accountType": "personal",
      "country": "USA",
      "accountID": "4433",
      "street": "12345 Red Rd",
      "miles": 130008,
      "state": "Colorado",
      "name": "Dalle Burgers",
      "creationDate": "2006-05-05T10:59:15",
      "city": "Boulder",
      "postal": "54512"
    },
    {
      "accountType": "business",
      "country": "USA",
      "accountID": "4434",
      "street": "12345 Green Rd",
      "miles": 68031,
      "state": "Colorado",
      "name": "Wendy Crafts",
      "creationDate": "2015-01-07T09:36:45",
      "city": "Boulder",
      "postal": "58129"
    },
    {
      "accountType": "personal",
      "country": "The Netherlands",
      "accountID": "4435",
      "street": "Coolsingel 120",
      "miles": 48924,
      "state": "Colorado",
      "name": "Richard Burgers",
      "creationDate": "2009-01-21T23:13:13",
      "city": "Rotterdam",
      "postal": "31497"
    },
    {
      "accountType": "business",
      "country": "USA",
      "accountID": "4436",
      "street": "123 9Th Ave",
      "miles": 127188,
      "state": "Colorado",
      "name": "Ja Rule",
      "creationDate": "2003-02-23T13:23:16",
      "city": "Oak City",
      "postal": "68001"
    },
    {
      "accountType": "business",
      "country": "USA",
      "accountID": "4437",
      "street": "181 Brief St",
      "miles": 127063,
      "state": "Oak",
      "name": "Rule Ja",
      "creationDate": "2014-03-21T14:56:25",
      "city": "Oak City",
      "postal": "19114"
    },
    {
      "accountType": "business",
      "country": "USA",
      "accountID": "4438",
      "street": "9810 Trace Rod Ln",
      "miles": 132065,
      "state": "Oak",
      "name": "Tara Connack",
      "creationDate": "2003-01-18T11:23:46",
      "city": "Beograd",
      "postal": "72984"
    },
    {
      "accountType": "business",
      "country": "Serbia",
      "accountID": "4440",
      "street": "7 Gogoljeva",
      "miles": 144707,
      "state": "Oak",
      "name": "Dijana Calija",
      "creationDate": "2005-11-03T03:11:56",
      "city": "Beograd",
      "postal": "80728"
    },
    {
      "accountType": "business",
      "country": "USA",
      "accountID": "4441",
      "street": "123 9Th Ave",
      "miles": 122237,
      "state": "Ohio",
      "name": "Gileate Dale",
      "creationDate": "2011-05-15T03:23:08",
      "city": "Columbus",
      "postal": "33065"
    },
    {
      "accountType": "personal",
      "country": "Canada",
      "accountID": "4442",
      "street": "1 Yonge Street",
      "miles": 21089,
      "state": "BC",
      "name": "Burger Brian",
      "creationDate": "2013-06-21T03:42:06",
      "city": "Vancouver",
      "postal": "64282"
    },
    {
      "accountType": "business",
      "country": "USA",
      "accountID": "4443",
      "street": "123 Apple Street",
      "miles": 42690,
      "state": "CA",
      "name": "Brian Burger",
      "creationDate": "2007-09-20T11:43:20",
      "city": "San Jose",
      "postal": "82821"
    },
    {
      "accountType": "business",
      "country": "USA",
      "accountID": "4444",
      "street": "433 Cherry Lane",
      "miles": 114072,
      "state": "CA",
      "name": "Sean Burger",
      "creationDate": "2005-12-02T03:32:47",
      "city": "San Jose",
      "postal": "35392"
    },
    {
      "accountType": "business",
      "country": "USA",
      "accountID": "4445",
      "street": "59 West Elm",
      "miles": 92312,
      "state": "MI",
      "name": "Jesse Stuff",
      "creationDate": "2003-02-21T07:54:45",
      "city": "Lansing",
      "postal": "15490"
    },
    {
      "accountType": "personal",
      "country": "Russia",
      "accountID": "4446",
      "street": "128 Gorki Park Ave",
      "miles": 128225,
      "state": "FunkyState",
      "name": "Lord Nomay",
      "creationDate": "2016-07-20T08:28:19",
      "city": "Moskva",
      "postal": "73611"
    },
    {
      "accountType": "business",
      "country": "Korea",
      "accountID": "4448",
      "street": "489 Steamer Ave",
      "miles": 123360,
      "state": "Eerie",
      "name": "Stu Greaves",
      "creationDate": "2014-05-08T14:32:51",
      "city": "Indiana",
      "postal": "70047"
    },
    {
      "accountType": "business",
      "country": "USA",
      "accountID": "4449",
      "street": "2343 Xyz Lane",
      "miles": 112653,
      "state": "VA",
      "name": "Pant Lark",
      "creationDate": "2017-10-20T08:08:53",
      "city": "Somerville",
      "postal": "69695"
    },
    {
      "accountType": "business",
      "country": "USA",
      "accountID": "4450",
      "street": "9998 Mountian Ave",
      "miles": 72089,
      "state": "New Jersey",
      "name": "MP JS",
      "creationDate": "2009-11-13T00:45:15",
      "city": "Somerville",
      "postal": "41225"
    },
    {
      "accountType": "business",
      "country": "USA",
      "accountID": "4451",
      "street": "777 77Th St Sw",
      "miles": 3402,
      "state": "WA",
      "name": "Kree Krill",
      "creationDate": "2014-09-26T09:33:58",
      "city": "Seattle",
      "postal": "46674"
    },
    {
      "accountType": "business",
      "country": "USA",
      "accountID": "4452",
      "street": "9998 Mountian Ave",
      "miles": 64018,
      "state": "New Jersey",
      "name": "Sri Burgers1",
      "creationDate": "2007-06-08T13:33:22",
      "city": "Somerville",
      "postal": "58864"
    },
    {
      "accountType": "personal",
      "country": "USA",
      "accountID": "4453",
      "street": "Jksdfskjfsdfs 098",
      "miles": 130727,
      "state": "kasda",
      "name": "Foo Baz",
      "creationDate": "2001-04-24T02:11:13",
      "city": "Kajshad",
      "postal": "29274"
    },
    {
      "accountType": "personal",
      "country": "USA",
      "accountID": "4454",
      "street": "Oakstreet 56",
      "miles": 138866,
      "state": "Colorado",
      "name": "Ronald Mcdee",
      "creationDate": "2016-07-06T05:00:12",
      "city": "Boulder",
      "postal": "76881"
    },
    {
      "accountType": "personal",
      "country": "Canada",
      "accountID": "4455",
      "street": "1234 Poland",
      "miles": 146494,
      "state": "Canada",
      "name": "Malibu Star",
      "creationDate": "2011-06-25T17:28:27",
      "city": "Warsow",
      "postal": "30244"
    },
    {
      "accountType": "personal",
      "country": "Polonia",
      "accountID": "4456",
      "street": "411 Polo Lo",
      "miles": 2542,
      "state": "Polo Lo",
      "name": "Polo Lo",
      "creationDate": "2015-04-23T23:51:40",
      "city": "Polo Lo",
      "postal": "49660"
    }
  ]
}